<?xml version="1.0" encoding="UTF-8"?>
<testng-results skipped="0" failed="0" ignored="0" total="1" passed="1">
  <reporter-output>
  </reporter-output>
  <suite name="Default suite" duration-ms="1071" started-at="2018-09-02T03:26:10Z" finished-at="2018-09-02T03:26:11Z">
    <groups>
    </groups>
    <test name="Default test" duration-ms="1071" started-at="2018-09-02T03:26:10Z" finished-at="2018-09-02T03:26:11Z">
      <class name="RestAPI.Testing.users.CustomSerilizeDeserlization">
        <test-method status="PASS" signature="test()[pri:0, instance:RestAPI.Testing.users.CustomSerilizeDeserlization@26be92ad]" name="test" duration-ms="1032" started-at="2018-09-02T03:26:10Z" finished-at="2018-09-02T03:26:11Z">
          <reporter-output>
          </reporter-output>
        </test-method> <!-- test -->
      </class> <!-- RestAPI.Testing.users.CustomSerilizeDeserlization -->
    </test> <!-- Default test -->
  </suite> <!-- Default suite -->
</testng-results>
